[2024-04-17 15:44:27] Syncing dotfiles to home directory...
[2024-04-17 15:44:27] Syncing etc/ files...
[2024-04-17 15:44:27] Error: Dotfiles sync failed.
[2024-04-17 15:47:29] Syncing dotfiles to home directory...
[2024-04-17 15:47:29] Syncing etc/ files...
[2024-04-17 15:47:30] Error: Dotfiles sync failed.
[2024-04-17 15:50:21] Syncing dotfiles to home directory...
[2024-04-17 15:50:21] Syncing etc/ files...
[2024-04-17 15:50:21] Error: Dotfiles sync failed.
[2024-04-17 15:51:19] Syncing dotfiles to home directory...
[2024-04-17 15:51:19] Syncing etc/ files...
[2024-04-17 15:51:19] Error: Dotfiles sync failed.
[2024-04-17 15:51:30] Syncing dotfiles to home directory...
[2024-04-17 15:51:30] Syncing etc/ files...
[2024-04-17 15:51:31] Error: Dotfiles sync failed.
[2024-04-17 15:52:36] Syncing dotfiles to home directory...
[2024-04-17 15:52:36] Syncing etc/ files...
[2024-04-17 15:52:40] Dotfiles synced successfully!
[2024-04-17 15:52:40] Setting zsh as default shell...
[2024-04-17 15:52:43] Zsh set as default shell successfully!
[2024-04-17 15:52:43] Configuring Docker...
[2024-04-17 15:54:46] Syncing dotfiles to home directory...
[2024-04-17 15:54:46] Syncing etc/ files...
[2024-04-17 15:54:46] Dotfiles synced successfully!
[2024-04-17 15:54:46] Setting zsh as default shell...
[2024-04-17 15:54:49] Zsh set as default shell successfully!
[2024-04-17 15:54:49] Configuring Docker...
[2024-04-17 15:56:00] Syncing dotfiles to home directory...
[2024-04-17 15:56:00] Syncing etc/ files...
[2024-04-17 15:56:00] Dotfiles synced successfully!
[2024-04-17 15:56:00] Setting zsh as default shell...
[2024-04-17 15:56:05] Zsh set as default shell successfully!
[2024-04-17 15:56:05] Configuring Docker...
[2024-04-17 15:59:06] Syncing dotfiles to home directory...
[2024-04-17 15:59:06] Syncing etc/ files...
[2024-04-17 15:59:06] Dotfiles synced successfully!
[2024-04-17 15:59:06] Setting zsh as default shell...
[2024-04-17 15:59:09] Zsh set as default shell successfully!
[2024-04-17 15:59:09] Configuring Docker...
[2024-04-17 16:09:08] Syncing dotfiles to home directory...
[2024-04-17 16:09:08] Syncing etc/ files...
[2024-04-17 16:09:13] Dotfiles synced successfully!
[2024-04-17 16:09:13] Setting zsh as default shell...
[2024-04-17 16:09:16] Zsh set as default shell successfully!
[2024-04-17 16:09:16] Configuring Docker...
[2024-04-17 16:11:55] Syncing dotfiles to home directory...
[2024-04-17 16:11:55] Syncing etc/ files...
[2024-04-17 16:11:55] Dotfiles synced successfully!
[2024-04-17 16:11:55] Setting zsh as default shell...
[2024-04-17 16:13:56] Syncing dotfiles to home directory...
[2024-04-17 16:13:56] Syncing etc/ files...
[2024-04-17 16:13:56] Dotfiles synced successfully!
[2024-04-17 16:13:56] Setting zsh as default shell...
[2024-04-17 16:14:02] Zsh set as default shell successfully!
[2024-04-17 16:14:02] Configuring Docker...
[2024-04-17 16:15:48] Syncing dotfiles to home directory...
[2024-04-17 16:15:48] Syncing etc/ files...
[2024-04-17 16:15:48] Dotfiles synced successfully!
[2024-04-17 16:15:48] Setting zsh as default shell...
[2024-04-17 16:15:56] Error: Failed to set zsh as default shell.
[2024-04-17 16:15:58] Syncing dotfiles to home directory...
[2024-04-17 16:15:58] Syncing etc/ files...
[2024-04-17 16:15:58] Dotfiles synced successfully!
[2024-04-17 16:15:58] Setting zsh as default shell...
[2024-04-17 16:16:03] Error: Failed to set zsh as default shell.
[2024-04-17 16:16:07] Syncing dotfiles to home directory...
[2024-04-17 16:16:07] Syncing etc/ files...
[2024-04-17 16:16:07] Dotfiles synced successfully!
[2024-04-17 16:16:07] Setting zsh as default shell...
[2024-04-17 16:16:10] Zsh set as default shell successfully!
[2024-04-17 16:16:10] Configuring Docker...
[2024-04-17 16:18:35] Syncing dotfiles to home directory...
[2024-04-17 16:18:35] Dotfiles synced successfully!
[2024-04-17 16:18:35] Syncing etc/ files...
[2024-04-17 16:18:35] etc/ files synced successfully!
[2024-04-17 16:18:35] Setting zsh as default shell...
[2024-04-17 16:19:02] Zsh set as default shell successfully!
[2024-04-17 16:19:02] Configuring Docker...
[2024-04-17 16:21:00] [0;32mSyncing dotfiles to home directory...[0m
[2024-04-17 16:21:00] [0;32mDotfiles synced successfully![0m
[2024-04-17 16:21:00] [0;32mSyncing etc/ files...[0m
[2024-04-17 16:21:00] [0;32metc/ files synced successfully![0m
[2024-04-17 16:21:00] [0;32mSetting zsh as default shell...[0m
[2024-04-17 16:21:00] [0;32mZsh set as default shell successfully![0m
[2024-04-17 16:21:00] [0;32mConfiguring Docker...[0m
[2024-04-17 16:21:10] [0;32mSyncing dotfiles to home directory...[0m
[2024-04-17 16:21:10] [0;32mDotfiles synced successfully![0m
[2024-04-17 16:21:10] [0;32mSyncing etc/ files...[0m
[2024-04-17 16:21:10] [0;32metc/ files synced successfully![0m
[2024-04-17 16:21:10] [0;32mSetting zsh as default shell...[0m
[2024-04-17 16:21:10] [0;32mZsh set as default shell successfully![0m
[2024-04-17 16:21:10] [0;32mConfiguring Docker...[0m
[2024-04-17 16:22:02] [0;32mSyncing dotfiles to home directory...[0m
[2024-04-17 16:22:02] [0;32mDotfiles synced successfully![0m
[2024-04-17 16:22:02] [0;32mSyncing etc/ files...[0m
[2024-04-17 16:22:02] [0;32metc/ files synced successfully![0m
[2024-04-17 16:22:02] [0;32mSetting zsh as default shell...[0m
[2024-04-17 16:22:02] [0;32mZsh set as default shell successfully![0m
[2024-04-17 16:22:02] [0;32mConfiguring Docker...[0m
[2024-04-17 16:22:08] [0;32mSyncing dotfiles to home directory...[0m
[2024-04-17 16:22:08] [0;32mDotfiles synced successfully![0m
[2024-04-17 16:22:08] [0;32mSyncing etc/ files...[0m
[2024-04-17 16:22:08] [0;32metc/ files synced successfully![0m
[2024-04-17 16:22:08] [0;32mSetting zsh as default shell...[0m
[2024-04-17 16:22:08] [0;32mZsh set as default shell successfully![0m
[2024-04-17 16:22:08] [0;32mConfiguring Docker...[0m
[2024-04-17 16:41:40] [0;32mDocker configured successfully![0m
[2024-04-17 16:41:40] [0;32mInstalling azure-cli (az)...[0m
[2024-04-17 16:41:45] [0;31mError: Failed to install azure-cli[0m
[2024-04-17 16:41:45] [0;32mDocker configured successfully![0m
[2024-04-17 16:41:45] [0;32mInstalling azure-cli (az)...[0m
[2024-04-17 16:41:49] [0;31mError: Failed to install azure-cli[0m
[2024-04-17 16:41:49] [0;32mDocker configured successfully![0m
[2024-04-17 16:41:49] [0;32mInstalling azure-cli (az)...[0m
[2024-04-17 16:41:53] [0;31mError: Failed to install azure-cli[0m
[2024-04-17 16:41:53] [0;32mDocker configured successfully![0m
[2024-04-17 16:41:53] [0;32mInstalling azure-cli (az)...[0m
[2024-04-17 16:41:58] [0;31mError: Failed to install azure-cli[0m
[2024-04-17 16:41:58] Docker configured successfully!
[2024-04-17 16:41:58] Installing azure-cli (az)
[2024-04-17 16:41:58] Error: Failed to install azure-cli
[2024-04-17 16:41:58] Docker configured successfully!
[2024-04-17 16:41:58] Installing azure-cli (az)
[2024-04-17 16:41:58] Error: Failed to install azure-cli.
[2024-04-17 16:41:58] Docker configured successfully!
[2024-04-17 16:41:58] Installing azure-cli (az)
[2024-04-17 16:41:58] Error: Failed to install azure-cli.
[2024-04-17 16:41:58] Docker configured successfully!
[2024-04-17 16:41:58] Installing azure-cli (az)
[2024-04-17 16:41:58] Error: Failed to install azure-cli.
[2024-04-17 16:41:58] Docker configured successfully!
[2024-04-17 16:41:58] Installing azure-cli (az)
[2024-04-17 16:41:58] Error: Failed to install azure-cli.
[2024-04-17 16:41:58] Docker configured successfully!
[2024-04-17 16:41:58] Installing azure-cli (az)
[2024-04-17 16:41:58] Error: Failed to install azure-cli.
[2024-04-17 16:41:58] Docker configured successfully!
[2024-04-17 16:41:58] Installing azure-cli (az)
[2024-04-17 16:41:58] Error: Failed to install azure-cli.
